4
5
95
18
228
137
133
57
19
46
70
119
117
161
110
43
249
112
96
201
24
137
80
238
185
152
47
125
6
84
39
115
62
114
107
45
14
8
56
159
98
30
217
34
140
99
112
208
99
113
307
84
12
209
53
212
14
92
95
140
133
47
54
102
43
224
202
68
30
204
126
175
72
141
69
28
120
24
36
138
28
78
99
100
24
9
60
233
166
69
88
131
16
228
52
12
190
32
45
115
98
190
108192
44981
72675
93754
20879
111351
19718
17612
108404
25965
50958
100956
69176
104954
7960
70397
84409
12331
28898
28912
15181
26161
28571
136845
57240
61963
110713
45683
5398
30181
8527
33410
53503
46286
112966
47780
38474
103655
110991
15052
12417
9808
58917
60341
91529
61483
88048
103257
105384
61383
40890
7456
125274
67284
93029
31993
47515
10757
59616
129520
76610
48041
69201
70436
97725
83591
111954
62613
55315
533
40605
63024
98222
82831
109292
21076
57197
22074
89223
75329
40884
94551
80167
2288
109620
61825
93486
78195
94695
120131
6697
17713
56133
109932
13856
20820
16694
118833
16298
22858
13975434
27586261
25318122
22302821
22855185
13700220
16781852
20058202
18266927
26271554
24953262
21725446
19354863
17558970
26751287
22683699
15943469
23369291
28965836
22505663
26640483
27378456
23209573
19586469
24809396
22296147
15823626
14948623
22296583
23661541
21470417
16005025
27738582
21403048
26095068
24088345
15610094
17668345
22923067
19262231
23202681
20186943
16036715
14089057
26255247
20297416
20655275
18488813
25315932
17193635
21489774
27003941
16304424
21300855
15439220
28272104
19057662
15414443
21261467
26356644
17580862
14486227
27448838
18955610
14288096
26391570
24001730
19839659
19930611
16511482
25468656
21820951
21829724
22860783
16250022
26131463
23110024
23542242
19418597
19454408
13570956
22701672
17205471
17638737
26438862
17107023
15542430
25522861
26209450
20650393
22367684
23426779
26056240
24040860
25414406
25756771
18741395
20324834
17693701
25580871
23516590
23456457
25775238
21667588
29598658
26564656
19602044
25210302
20194690
18674811
16882149
15335748
17907246
26609540
16983727
19277711
20313318
16666529
29047438
28305143
24922398
27052668
22120360
22545966
23317995
17043362
27946442
17426035
24054617
20832799
16538876
27041912
22606597
20676606
16410192
17166209
22801479
16954863
20076832
17028082
26083559
13969694
13707492
25158039
16658341
19910817
16277409
14832514
21075571
24085967
16406508
27566704
17270215
22807981
19431627
29046063
13063197
16253156
23236959
26052438
12745315
19335506
19355997
19499045
22422601
15582457
16152897
23055556
21744260
23222663
28760838
20714837
15678192
17761758
16625764
13169873
15692141
20923014
17173817
22820310
21960511
17171002
21357520
16016854
19263859
18817232
17041985
17518091
24571540
24641004
19095010
23646747
17290656
22604816
20674476
18203362
18874179
25315400
28179671
26161506
1000000000
