The sort squence is :
28.400000 28.490000 28.490000 28.490000 28.500000 28.500000 28.500000 28.510000 28.520000 28.520000 28.530000 28.530000 28.530000 28.530000 29.520000 
The x = 28.570667
The simga is:0.264615
Please input is freedu is 15:
15
The x = 28.502857
The simga is:0.033611
Please input is freedu is 14:
1
The x = 28.510769
The simga is:0.016564
Please input is freedu is 13:
2
The x = 28.512500
The simga is:0.016026
Please input is freedu is 12:
3
The x = 28.514545
The simga is:0.015076
Please input is freedu is 11:
4
The x = 28.517000
The simga is:0.013375
Please input is freedu is 10:
5
The x = 28.518889
The simga is:0.012693
Please input is freedu is 9:
6
The x = 28.521250
The simga is:0.011260
Please input is freedu is 8:
7
The x = 28.524286
The simga is:0.007868
Please input is freedu is 7:
8
The x = 28.526667
The simga is:0.005164
Please input is freedu is 6:
9
The x = 28.528000
The simga is:0.004472
Please input is freedu is 5:
10
The x = 28.530000
The simga is:0.000000
Please input is freedu is 4:
14
The x = 28.530000
The simga is:0.000000
Please input is freedu is 3:
13
The x = 28.530000
The simga is:0.000000
Please input is freedu is 2:
12
The x = 28.530000
The simga is:-nan
Please input is freedu is 1:
