3
5
10
2
9
9
8
2
15
4
12
3
7
7
3
10
5
7
10
5
6
3
2
4
7
3
4
4
10
1
5
2
5
2
5
11
14
2
3
4
6
9
1
2
7
3
1
4
9
1
5
5
5
1
7
1
3
5
3
5
1
8
11
2
3
5
1
4
10
5
9
10
6
11
6
1
5
9
11
1
2
11
8
3
9
1
8
8
11
11
3
8
11
5
5
11
8
6
2
10
13
28
3
8
13
22
29
11
21
31
12
13
29
34
30
3
8
6
31
31
11
33
9
6
9
19
9
25
10
28
26
18
5
27
15
19
26
13
27
4
12
9
10
29
27
10
32
11
27
22
1
27
27
13
30
20
24
3
18
23
18
30
32
19
17
3
5
13
21
8
2
12
25
31
3
38
2
15
23
7
6
28
4
1
28
5
14
32
2
28
8
3
11
22
22
35
8
25
25
2
18
27
18
29
2
9
7
23
10
29
1
2
33
21
8
4
10
5
34
35
32
33
30
32
1
18
9
29
18
20
23
17
10
32
2
18
31
15
17
30
9
26
5
27
10
25
13
21
6
15
33
32
5
34
5
25
23
31
6
33
17
7
18
1
28
14
20
4
30
13
14
5
26
27
1
23
22
31
10
4
20
7
6
18
1
9
15
32
26
20
2
16
9
32
6
31
23
1
19
21
