1 = 0
2 = 0
3 = 1
4 = 2
5 = 5
6 = 6
7 = 11
8 = 13
9 = 17
10 = 22
11 = 27
12 = 29
13 = 37
14 = 44
15 = 44
16 = 55
17 = 59
18 = 68
19 = 71
20 = 81
21 = 82
22 = 102
23 = 97
24 = 112
25 = 109
26 = 136
27 = 126
28 = 149
29 = 141
30 = 168
31 = 157
32 = 188
33 = 176
34 = 212
35 = 182
36 = 231
37 = 207
38 = 254
39 = 230
40 = 266
41 = 241
42 = 300
43 = 259
44 = 319
45 = 283
46 = 344
47 = 295
48 = 373
49 = 311
50 = 386
51 = 352
52 = 417
53 = 353
54 = 452
55 = 368
56 = 460
57 = 418
58 = 492
59 = 413
60 = 536
61 = 435
62 = 544
63 = 475
64 = 572
65 = 474
66 = 624
67 = 499
68 = 633
69 = 556
70 = 640
71 = 541
72 = 715
73 = 565
74 = 710
75 = 629
76 = 751
77 = 598
78 = 808
79 = 631
80 = 801
81 = 702
82 = 826
83 = 677
84 = 914
85 = 704
86 = 886
87 = 784
88 = 924
89 = 747
90 = 998
91 = 764
92 = 1003
93 = 866
94 = 1008
95 = 824
96 = 1124
97 = 845
98 = 1062
99 = 935
100 = 1135
