0
0
6
4 5 6 7 8 9
0
1
2
1
3
0
1
2
1
3
1
10
0
0
6
4 7 9 32 54 55
0
1
100
0
2
23 37
0
1
99
1
35
2
532 784
5
42 43 54 130 999
3
297 334 579
0
1
587
0
0
0
0
3
109 367 449
2
7523 8544
2
1748 2912
0
2
4922 9140
1
8652
3
591 1146 3372
1
4854
1
7187
0
0
4
17232 63270 92986 93389
2
27485 59889
3
16189 20393 82743
3
41373 51496 63147
6
182 30262 31092 31217 46690 81430
1
44412
2
41306 53340
3
24827 51003 76903
0
2
23899 64917
0
3
18017 25887 30667
3
62875 72491 85905
9
664 1164 2009 3510 4191 5740 20718 71440 74745
1
75378
5
12761 13620 24700 26874 87954
3
38850 64431 91427
1
75021
3
45616 79155 82699
1
55336
4
39478 52093 72649 78548
9
11398 13704 14657 20466 32739 43080 46035 81896 82811
2
54799 90821
1
64501
0
4
6420 8815 66779 88908
5
48882 60449 72221 80078 87660
4
43297 77266 97818 97948
4
8289 8732 21762 68996
1
96586
3
28983 30404 90500
6
7091 18453 56273 62289 92889 95927
10
4327 5438 8390 13668 20331 23163 28794 50482 77230 79592
2
22706 29533
4
26022 42978 67300 92697
5
6519 20498 67081 75887 87569
5
6490 13248 27353 27983 71536
3
20399 49407 65350
4
35584 61475 78228 86273
4
43281 60106 69602 82622
4
30444 80592 80613 91645
2
53160 77496
5
12280 39463 54440 87739 98141
1
44984
4
36119 46218 68729 85005
5
12610 14204 64313 71702 88381
3
87961 91205 95652
4
43091 66413 86924 94093
6
50191 66489 70885 78835 82918 90479
2
31466 48541
4
26241 55364 84055 92068
11
512 1582 3140 3454 10016 12202 27536 30695 37556 65289 94927
1
57918
1
55142
5
5392 18208 34532 68934 82203
2
78221 82938
1
66208
4
18129 46152 58164 84602
5
11436 14052 49069 62402 63183
3
13598 41482 87593
5
12401 17576 22299 32809 77172
1
73155
1
38845
3
2883 22541 64485
3
59035 90224 95399
2
51990 75466
2
66065 87138
3
40012 41989 61656
1
83232
1
68712
3
7343 8317 33459
5
39332 47348 61737 73985 80646
4
24332 69616 87319 93468
2
14164 80407
2
23706 70318
6
5069 7837 15057 23985 78753 86004
4
20202 42540 76769 87193
3
51412 52267 84548
4
22577 32895 48822 85541
4
16634 58578 64185 68201
4
4847 17157 53600 94023
4
43455 57912 61609 94477
4
52922 63831 64870 75541
4
29301 58570 84635 85745
0
3
11919 14436 73801
4
22869 68813 70158 95863
4
18945 19654 55040 84077
2
52274 80941
2
33656 34668
1
67200
3
29838 42016 63275
3
7663 65559 68330
1
46894
6
32877 49090 52644 55745 93694 98435
2
49691 82573
2
45901 99741
4
21916 42217 68724 83367
2
34825 85529
17
26 39 126 235 519 550 912 1612 2270 2771 3080 8009 11262 56117 66404 80044 91215
